Log file open, 11/06/18 11:42:06
LogWindows: Failed to load 'aqProf.dll' (GetLastError=126)
LogWindows: File 'aqProf.dll' does not exist
LogWindows: Failed to load 'VtuneApi.dll' (GetLastError=126)
LogWindows: File 'VtuneApi.dll' does not exist
LogWindows: Failed to load 'VtuneApi32e.dll' (GetLastError=126)
LogWindows: File 'VtuneApi32e.dll' does not exist
LogInit: Display: Running engine for game: BuildingEscape
LogPlatformFile: Not using cached read wrapper
LogTaskGraph: Started task graph with 5 named threads and 11 total threads with 3 sets of task threads.
LogStats: Stats thread started at 0.191366
LogD3D11RHI: Loaded GFSDK_Aftermath_Lib.x64.dll
LogICUInternationalization: Display: ICU TimeZone Detection - Raw Offset: +5:00, Platform Override: ''
LogPluginManager: Mounting plugin Paper2D
LogPluginManager: Mounting plugin AISupport
LogPluginManager: Mounting plugin LightPropagationVolume
LogPluginManager: Mounting plugin CLionSourceCodeAccess
LogPluginManager: Mounting plugin CodeLiteSourceCodeAccess
LogPluginManager: Mounting plugin GitSourceControl
LogPluginManager: Mounting plugin KDevelopSourceCodeAccess
LogPluginManager: Mounting plugin NullSourceCodeAccess
LogPluginManager: Mounting plugin PerforceSourceControl
LogPluginManager: Mounting plugin SubversionSourceControl
LogPluginManager: Mounting plugin UObjectPlugin
LogPluginManager: Mounting plugin VisualStudioCodeSourceCodeAccess
LogPluginManager: Mounting plugin VisualStudioSourceCodeAccess
LogPluginManager: Mounting plugin XCodeSourceCodeAccess
LogPluginManager: Mounting plugin AssetManagerEditor
LogPluginManager: Mounting plugin CryptoKeys
LogPluginManager: Mounting plugin DataValidation
LogPluginManager: Mounting plugin FacialAnimation
LogPluginManager: Mounting plugin GameplayTagsEditor
LogPluginManager: Mounting plugin MacGraphicsSwitching
LogPluginManager: Mounting plugin MeshEditor
LogPluginManager: Mounting plugin MobileLauncherProfileWizard
LogPluginManager: Mounting plugin PluginBrowser
LogPluginManager: Mounting plugin SpeedTreeImporter
LogPluginManager: Mounting plugin DatasmithContent
LogPluginManager: Mounting plugin AlembicImporter
LogPluginManager: Mounting plugin AppleImageUtils
LogPluginManager: Mounting plugin AppleVision
LogPluginManager: Mounting plugin BackChannel
LogPluginManager: Mounting plugin CharacterAI
LogPluginManager: Mounting plugin GeometryCache
LogPluginManager: Mounting plugin HTML5Networking
LogPluginManager: Mounting plugin ProxyLODPlugin
LogPluginManager: Mounting plugin MagicLeap
LogPluginManager: Mounting plugin MagicLeapEmulator
LogPluginManager: Mounting plugin MagicLeapMedia
LogPluginManager: Mounting plugin AndroidMedia
LogPluginManager: Mounting plugin AvfMedia
LogPluginManager: Mounting plugin ImgMedia
LogPluginManager: Mounting plugin LinearTimecode
LogPluginManager: Mounting plugin MediaCompositing
LogPluginManager: Mounting plugin MediaPlayerEditor
LogPluginManager: Mounting plugin WmfMedia
LogPluginManager: Mounting plugin TcpMessaging
LogPluginManager: Mounting plugin UdpMessaging
LogPluginManager: Mounting plugin ActorSequence
LogPluginManager: Mounting plugin LevelSequenceEditor
LogPluginManager: Mounting plugin MatineeToLevelSequence
LogPluginManager: Mounting plugin NetcodeUnitTest
LogPluginManager: Mounting plugin NUTUnrealEngine4
LogPluginManager: Mounting plugin OnlineSubsystemGooglePlay
LogPluginManager: Mounting plugin OnlineSubsystemIOS
LogPluginManager: Mounting plugin OnlineSubsystem
LogPluginManager: Mounting plugin OnlineSubsystemNull
LogPluginManager: Mounting plugin OnlineSubsystemUtils
LogPluginManager: Mounting plugin LauncherChunkInstaller
LogPluginManager: Mounting plugin AndroidDeviceProfileSelector
LogPluginManager: Mounting plugin AndroidMoviePlayer
LogPluginManager: Mounting plugin AndroidPermission
LogPluginManager: Mounting plugin AppleMoviePlayer
LogPluginManager: Mounting plugin ArchVisCharacter
LogPluginManager: Mounting plugin AudioCapture
LogPluginManager: Mounting plugin CableComponent
LogPluginManager: Mounting plugin CustomMeshComponent
LogPluginManager: Mounting plugin EditableMesh
LogPluginManager: Mounting plugin ExampleDeviceProfileSelector
LogPluginManager: Mounting plugin GoogleCloudMessaging
LogPluginManager: Mounting plugin ImmediatePhysics
LogPluginManager: Mounting plugin IOSDeviceProfileSelector
LogPluginManager: Mounting plugin LinuxDeviceProfileSelector
LogPluginManager: Mounting plugin LocationServicesBPLibrary
LogPluginManager: Mounting plugin MobilePatchingUtils
LogPluginManager: Mounting plugin OculusVR
LogPluginManager: Plugin shader directory ../../../Engine/Plugins/Runtime/Oculus/OculusVR/Shaders found
LogPluginManager: Mapping shader source directory ../../../Engine/Plugins/Runtime/Oculus/OculusVR/Shaders to virtual directory /Plugin/OculusVR
LogPluginManager: Mounting plugin PhysXVehicles
LogPluginManager: Mounting plugin ProceduralMeshComponent
LogPluginManager: Mounting plugin RuntimePhysXCooking
LogPluginManager: Mounting plugin SteamVR
LogPluginManager: Mounting plugin WindowsMoviePlayer
LogStreaming: Display: Took  0.050s to configure plugins.
LogInit: Using libcurl 7.55.1-DEV
LogInit:  - built for x86_64-pc-win32
LogInit:  - supports SSL with OpenSSL/1.0.2h
LogInit:  - supports HTTP deflate (compression) using libz 1.2.8
LogInit:  - other features:
LogInit:      CURL_VERSION_SSL
LogInit:      CURL_VERSION_LIBZ
LogInit:      CURL_VERSION_IPV6
LogInit:      CURL_VERSION_ASYNCHDNS
LogInit:      CURL_VERSION_LARGEFILE
LogInit:      CURL_VERSION_IDN
LogInit:  CurlRequestOptions (configurable via config and command line):
LogInit:  - bVerifyPeer = false  - Libcurl will NOT verify peer certificate
LogInit:  - bUseHttpProxy = false  - Libcurl will NOT use HTTP proxy
LogInit:  - bDontReuseConnections = false  - Libcurl will reuse connections
LogInit:  - CertBundlePath = nullptr  - Libcurl will use whatever was configured at build time.
LogInit:  - MaxHostConnections = 16  - Libcurl will limit the number of connections to a host
LogInit:  - LocalHostAddr = Default
LogInit:  - BufferSize = 65536
LogInit: WinSock: version 1.1 (2.2), MaxSocks=32767, MaxUdp=65467
LogInit: Build: ++UE4+Release-4.20-CL-4369336
LogInit: Engine Version: 4.20.3-4369336+++UE4+Release-4.20
LogInit: Compatible Engine Version: 4.20.0-4212847+++UE4+Release-4.20
LogInit: Net CL: 4212847
LogInit: OS: Windows 7 (Service Pack 1), CPU: Intel(R) Core(TM) i3-6100 CPU @ 3.70GHz, GPU: NVIDIA GeForce GTX 1060 6GB
LogInit: Compiled (64-bit): Sep 17 2018 12:26:19
LogInit: Compiled with Visual C++: 19.13.26129.00
LogInit: Build Configuration: Development
LogInit: Branch Name: ++UE4+Release-4.20
LogInit: Command Line: 
LogInit: Base Directory: F:/Epic Games/UE_4.20/Engine/Binaries/Win64/
LogInit: Installed Engine Build: 1
LogDevObjectVersion: Number of dev versions registered: 20
LogDevObjectVersion:   Dev-Blueprints (B0D832E4-1F89-4F0D-ACCF-7EB736FD4AA2): 10
LogDevObjectVersion:   Dev-Build (E1C64328-A22C-4D53-A36C-8E866417BD8C): 0
LogDevObjectVersion:   Dev-Core (375EC13C-06E4-48FB-B500-84F0262A717E): 2
LogDevObjectVersion:   Dev-Editor (E4B068ED-F494-42E9-A231-DA0B2E46BB41): 24
LogDevObjectVersion:   Dev-Framework (CFFC743F-43B0-4480-9391-14DF171D2073): 34
LogDevObjectVersion:   Dev-Mobile (B02B49B5-BB20-44E9-A304-32B752E40360): 2
LogDevObjectVersion:   Dev-Networking (A4E4105C-59A1-49B5-A7C5-40C4547EDFEE): 0
LogDevObjectVersion:   Dev-Online (39C831C9-5AE6-47DC-9A44-9C173E1C8E7C): 0
LogDevObjectVersion:   Dev-Physics (78F01B33-EBEA-4F98-B9B4-84EACCB95AA2): 0
LogDevObjectVersion:   Dev-Platform (6631380F-2D4D-43E0-8009-CF276956A95A): 0
LogDevObjectVersion:   Dev-Rendering (12F88B9F-8875-4AFC-A67C-D90C383ABD29): 26
LogDevObjectVersion:   Dev-Sequencer (7B5AE74C-D270-4C10-A958-57980B212A5A): 9
LogDevObjectVersion:   Dev-VR (D7296918-1DD6-4BDD-9DE2-64A83CC13884): 2
LogDevObjectVersion:   Dev-LoadTimes (C2A15278-BFE7-4AFE-6C17-90FF531DF755): 1
LogDevObjectVersion:   Private-Geometry (6EACA3D4-40EC-4CC1-B786-8BED09428FC5): 3
LogDevObjectVersion:   Dev-AnimPhys (29E575DD-E0A3-4627-9D10-D276232CDCEA): 17
LogDevObjectVersion:   Dev-ReflectionCapture (6B266CEC-1EC7-4B8F-A30B-E4D90942FC07): 1
LogDevObjectVersion:   Dev-Automation (0DF73D61-A23F-47EA-B727-89E90C41499A): 1
LogDevObjectVersion:   FortniteMain (601D1886-AC64-4F84-AA16-D3DE0DEAC7D6): 12
LogDevObjectVersion:   Dev-Enterprise (9DFFBCD6-494F-0158-E221-12823C92A888): 1
LogStreaming: Display: Took  0.000s to delete old logs.
LogInit: Presizing for max 8388607 objects, including 0 objects not considered by GC, pre-allocating 0 bytes for permanent pool.
LogInit: Object subsystem initialized
[2018.11.06-06.42.06:694][  0]LogInit: Selected Device Profile: [Windows]
[2018.11.06-06.42.06:694][  0]LogInit: Applying CVar settings loaded from the selected device profile: [Windows]
[2018.11.06-06.42.06:707][  0]LogHAL: Display: Platform has ~ 8 GB [8523390976 / 8589934592 / 8], which maps to Default [LargestMinGB=32, LargerMinGB=12, DefaultMinGB=8, SmallerMinGB=6, SmallestMinGB=0)
[2018.11.06-06.42.06:707][  0]LogInit: Setting Device Profile CVar: [[r.Vulkan.UseRealUBs:1]]
[2018.11.06-06.42.06:707][  0]LogInit: Going up to parent DeviceProfile []
[2018.11.06-06.42.06:707][  0]LogInit: Computer: SAADAN
[2018.11.06-06.42.06:707][  0]LogInit: User: MANSOOR
[2018.11.06-06.42.06:707][  0]LogInit: CPU Page size=4096, Cores=2
[2018.11.06-06.42.06:707][  0]LogInit: High frequency timer resolution =3.609433 MHz
[2018.11.06-06.42.06:707][  0]LogMemory: Memory total: Physical=7.9GB (8GB approx)
[2018.11.06-06.42.06:707][  0]LogMemory: Platform Memory Stats for Windows
[2018.11.06-06.42.06:707][  0]LogMemory: Process Physical Memory: 100.30 MB used, 100.30 MB peak
[2018.11.06-06.42.06:707][  0]LogMemory: Process Virtual Memory: 86.54 MB used, 86.54 MB peak
[2018.11.06-06.42.06:707][  0]LogMemory: Physical Memory: 5775.49 MB used,  2353.05 MB free, 8128.54 MB total
[2018.11.06-06.42.06:707][  0]LogMemory: Virtual Memory: 468.92 MB used,  2353.05 MB free, 8388608.00 MB total
[2018.11.06-06.42.06:724][  0]LogInit: Using OS detected language (en-US).
[2018.11.06-06.42.06:724][  0]LogInit: Using OS detected locale (en-US).
[2018.11.06-06.42.06:724][  0]LogTextLocalizationManager: No specific localization for 'en-US' exists, so the 'en' localization will be used.
[2018.11.06-06.42.07:064][  0]LogStreaming: Display: Took  0.340s to InitEngineTextLocalization.
[2018.11.06-06.42.07:064][  0]LogWindows: Failed to load 'shcore.dll' (GetLastError=126)
[2018.11.06-06.42.07:064][  0]LogWindows: File 'shcore.dll' does not exist
[2018.11.06-06.42.07:064][  0]LogInit: Setting process to DPI aware
[2018.11.06-06.42.07:080][  0]LogSlate: New Slate User Created.  User Index 0, Is Virtual User: 0
[2018.11.06-06.42.07:080][  0]LogSlate: Slate User Registered.  User Index 0, Is Virtual User: 0
[2018.11.06-06.42.07:193][  0]LogHMD: Failed to initialize OpenVR with code 110
[2018.11.06-06.42.07:193][  0]LogD3D11RHI: D3D11 adapters:
[2018.11.06-06.42.07:222][  0]LogD3D11RHI:    0. 'NVIDIA GeForce GTX 1060 6GB' (Feature Level 11_0)
[2018.11.06-06.42.07:222][  0]LogD3D11RHI:       6036/0/3808 MB DedicatedVideo/DedicatedSystem/SharedSystem, Outputs:1, VendorId:0x10de
[2018.11.06-06.42.07:222][  0]LogD3D11RHI: Chosen D3D11 Adapter: 0
[2018.11.06-06.42.07:235][  0]LogD3D11RHI: Creating new Direct3DDevice
[2018.11.06-06.42.07:235][  0]LogD3D11RHI:     GPU DeviceId: 0x1c03 (for the marketing name, search the web for "GPU Device Id")
[2018.11.06-06.42.07:235][  0]LogWindows: EnumDisplayDevices:
[2018.11.06-06.42.07:235][  0]LogWindows:    0. 'NVIDIA GeForce GTX 1060 6GB' (P:1 D:1)
[2018.11.06-06.42.07:235][  0]LogWindows:    1. 'NVIDIA GeForce GTX 1060 6GB' (P:0 D:0)
[2018.11.06-06.42.07:236][  0]LogWindows:    2. 'NVIDIA GeForce GTX 1060 6GB' (P:0 D:0)
[2018.11.06-06.42.07:236][  0]LogWindows:    3. 'NVIDIA GeForce GTX 1060 6GB' (P:0 D:0)
[2018.11.06-06.42.07:236][  0]LogWindows:    4. 'RDPDD Chained DD' (P:0 D:0)
[2018.11.06-06.42.07:236][  0]LogWindows:    5. 'RDP Encoder Mirror Driver' (P:0 D:0)
[2018.11.06-06.42.07:236][  0]LogWindows:    6. 'RDP Reflector Display Driver' (P:0 D:0)
[2018.11.06-06.42.07:236][  0]LogWindows: DebugString: GetVideoDriverDetailsInvalid PrimaryIsNotTheChoosenAdapter GetVideoDriverDetailsInvalid PrimaryIsNotTheChoosenAdapter GetVideoDriverDetailsInvalid PrimaryIsNotTheChoosenAdapter FoundDriverCount:4 
[2018.11.06-06.42.07:236][  0]LogD3D11RHI:     Adapter Name: NVIDIA GeForce GTX 1060 6GB
[2018.11.06-06.42.07:236][  0]LogD3D11RHI:   Driver Version: 416.34 (internal:25.21.14.1634, unified:416.34)
[2018.11.06-06.42.07:236][  0]LogD3D11RHI:      Driver Date: 10-10-2018
[2018.11.06-06.42.07:236][  0]LogRHI: Texture pool is 4225 MB (70% of 6036 MB)
[2018.11.06-06.42.07:252][  0]LogD3D11RHI: Async texture creation enabled
[2018.11.06-06.42.07:317][  0]LogD3D11RHI: GPU Timing Frequency: 1000.000000 (Debug: 2 2)
[2018.11.06-06.42.07:365][  0]LogShaderCompilers: Guid format shader working directory is -16 characters bigger than the processId version (../../../../../Unreal Projects/03_BuildingEscape/BuildingEscape/Intermediate/Shaders/WorkingDirectory/21076/).
[2018.11.06-06.42.07:365][  0]LogShaderCompilers: Cleaned the shader compiler working directory 'C:/Users/MANSOOR/AppData/Local/Temp/UnrealShaderWorkingDir/4276EA3D4E3EDFF2B08E16B465DAAD5E/'.
[2018.11.06-06.42.07:559][  0]LogTemp: Display: Loaded TP AllDesktopTargetPlatform
[2018.11.06-06.42.07:571][  0]LogTemp: Display: Loaded TP MacClientTargetPlatform
[2018.11.06-06.42.07:586][  0]LogTemp: Display: Loaded TP MacNoEditorTargetPlatform
[2018.11.06-06.42.07:599][  0]LogTemp: Display: Loaded TP MacServerTargetPlatform
[2018.11.06-06.42.07:611][  0]LogTemp: Display: Loaded TP MacTargetPlatform
[2018.11.06-06.42.07:623][  0]LogTemp: Display: Loaded TP WindowsClientTargetPlatform
[2018.11.06-06.42.07:635][  0]LogTemp: Display: Loaded TP WindowsNoEditorTargetPlatform
[2018.11.06-06.42.07:647][  0]LogTemp: Display: Loaded TP WindowsServerTargetPlatform
[2018.11.06-06.42.07:652][  0]LogTemp: Display: Loaded TP WindowsTargetPlatform
[2018.11.06-06.42.07:720][  0]LogTemp: Display: Loaded TP AndroidTargetPlatform
[2018.11.06-06.42.07:720][  0]LogTemp: Display: Loaded TP AndroidTargetPlatform
[2018.11.06-06.42.07:720][  0]LogTemp: Display: Loaded TP AndroidTargetPlatform
[2018.11.06-06.42.07:720][  0]LogTemp: Display: Loaded TP AndroidTargetPlatform
[2018.11.06-06.42.07:720][  0]LogTemp: Display: Loaded TP AndroidTargetPlatform
[2018.11.06-06.42.07:720][  0]LogTemp: Display: Loaded TP AndroidTargetPlatform
[2018.11.06-06.42.07:720][  0]LogTemp: Display: Loaded TP AndroidTargetPlatform
[2018.11.06-06.42.07:720][  0]LogTemp: Display: Loaded TP AndroidTargetPlatform
[2018.11.06-06.42.07:720][  0]LogTemp: Display: Loaded TP AndroidTargetPlatform
[2018.11.06-06.42.07:721][  0]LogTemp: Display: Loaded TP AndroidTargetPlatform
[2018.11.06-06.42.07:721][  0]LogTemp: Display: Loaded TP AndroidTargetPlatform
[2018.11.06-06.42.07:721][  0]LogTemp: Display: Loaded TP AndroidTargetPlatform
[2018.11.06-06.42.07:721][  0]LogTemp: Display: Loaded TP AndroidTargetPlatform
[2018.11.06-06.42.07:721][  0]LogTemp: Display: Loaded TP AndroidTargetPlatform
[2018.11.06-06.42.07:721][  0]LogTemp: Display: Loaded TP AndroidTargetPlatform
[2018.11.06-06.42.07:721][  0]LogTemp: Display: Loaded TP AndroidTargetPlatform
[2018.11.06-06.42.07:721][  0]LogTemp: Display: Loaded TP AndroidTargetPlatform
[2018.11.06-06.42.07:721][  0]LogTemp: Display: Loaded TP AndroidTargetPlatform
[2018.11.06-06.42.07:721][  0]LogTemp: Display: Loaded TP HTML5TargetPlatform
[2018.11.06-06.42.07:774][  0]LogTemp: Display: Loaded TP IOSTargetPlatform
[2018.11.06-06.42.07:774][  0]LogTemp: Display: Loaded TP IOSTargetPlatform
[2018.11.06-06.42.07:794][  0]LogTemp: Display: Loaded TP TVOSTargetPlatform
[2018.11.06-06.42.07:794][  0]LogTemp: Display: Loaded TP TVOSTargetPlatform
[2018.11.06-06.42.07:804][  0]LogTemp: Display: Loaded TP LinuxClientTargetPlatform
[2018.11.06-06.42.07:815][  0]LogTemp: Display: Loaded TP LinuxNoEditorTargetPlatform
[2018.11.06-06.42.07:828][  0]LogTemp: Display: Loaded TP LinuxServerTargetPlatform
[2018.11.06-06.42.07:840][  0]LogTemp: Display: Loaded TP LinuxTargetPlatform
[2018.11.06-06.42.07:847][  0]LogTemp: Display: Loaded TP LuminTargetPlatform
[2018.11.06-06.42.07:847][  0]LogTargetPlatformManager: Display: Building Assets For Windows
[2018.11.06-06.42.07:886][  0]LogXGEController: Cannot use XGE Controller as Incredibuild is not installed on this machine.
[2018.11.06-06.42.07:886][  0]LogShaderCompilers: Cannot use XGE Shader Compiler as Incredibuild is not installed on this machine.
[2018.11.06-06.42.07:886][  0]LogShaderCompilers: Display: Using Local Shader Compiler.
[2018.11.06-06.42.08:505][  0]LogDerivedDataCache: Display: Max Cache Size: 512 MB
[2018.11.06-06.42.08:595][  0]LogDerivedDataCache: Loaded boot cache 0.09s 71MB C:/Users/MANSOOR/AppData/Local/UnrealEngine/4.20/DerivedDataCache/Boot.ddc.
[2018.11.06-06.42.08:595][  0]LogDerivedDataCache: Display: Loaded Boot cache: C:/Users/MANSOOR/AppData/Local/UnrealEngine/4.20/DerivedDataCache/Boot.ddc
[2018.11.06-06.42.08:595][  0]LogDerivedDataCache: FDerivedDataBackendGraph:  Pak pak cache file ../../../../../Unreal Projects/03_BuildingEscape/BuildingEscape/DerivedDataCache/DDC.ddp not found, will not use a pak cache.
[2018.11.06-06.42.08:595][  0]LogDerivedDataCache: Unable to find inner node Pak for hierarchical cache Hierarchy.
[2018.11.06-06.42.08:595][  0]LogDerivedDataCache: FDerivedDataBackendGraph:  CompressedPak pak cache file ../../../../../Unreal Projects/03_BuildingEscape/BuildingEscape/DerivedDataCache/Compressed.ddp not found, will not use a pak cache.
[2018.11.06-06.42.08:595][  0]LogDerivedDataCache: Unable to find inner node CompressedPak for hierarchical cache Hierarchy.
[2018.11.06-06.42.08:607][  0]LogDerivedDataCache: Display: Pak cache opened for reading ../../../Engine/DerivedDataCache/Compressed.ddp.
[2018.11.06-06.42.08:618][  0]LogDerivedDataCache: Using Local data cache path C:/Users/MANSOOR/AppData/Local/UnrealEngine/Common/DerivedDataCache: Writable
[2018.11.06-06.42.08:618][  0]LogDerivedDataCache: Shared data cache path not found in *engine.ini, will not use an Shared cache.
[2018.11.06-06.42.08:618][  0]LogDerivedDataCache: Unable to find inner node Shared for hierarchical cache Hierarchy.
[2018.11.06-06.42.08:634][  0]LogMaterial: Verifying Global Shaders for PCD3D_SM5
[2018.11.06-06.42.08:636][  0]LogSlate: Using FreeType 2.6.0
[2018.11.06-06.42.08:636][  0]LogSlate: SlateFontServices - WITH_FREETYPE: 1, WITH_HARFBUZZ: 1
[2018.11.06-06.42.08:696][  0]LogAssetRegistry: FAssetRegistry took 0.0235 seconds to start up
[2018.11.06-06.42.08:989][  0]LogInit: Selected Device Profile: [Windows]
[2018.11.06-06.42.09:104][  0]LogSimplygon: Simplygon DLL not present - disabling.
[2018.11.06-06.42.09:106][  0]LogMeshReduction: Using SimplygonSwarm for distributed automatic mesh merging
[2018.11.06-06.42.09:106][  0]LogMeshReduction: Using ProxyLODMeshReduction for automatic mesh merging
[2018.11.06-06.42.09:106][  0]LogMeshReduction: Using QuadricMeshReduction for automatic static mesh reduction
[2018.11.06-06.42.09:106][  0]LogMeshReduction: No automatic skeletal mesh reduction module available
[2018.11.06-06.42.09:119][  0]LogNetVersion: BuildingEscape 1.0.0, NetCL: 4212847, EngineNetVer: 5, GameNetVer: 0 (Checksum: 3323102585)
[2018.11.06-06.42.09:551][  0]LogPackageLocalizationCache: Processed 11 localized package path(s) for 2 prioritized culture(s) in 0.056779 seconds
[2018.11.06-06.42.09:558][  0]LogUObjectArray: 38425 objects as part of root set at end of initial load.
[2018.11.06-06.42.09:558][  0]LogUObjectAllocator: 6690864 out of 0 bytes used by permanent object pool.
[2018.11.06-06.42.09:558][  0]LogUObjectArray: CloseDisregardForGC: 0/0 objects in disregard for GC pool
[2018.11.06-06.42.10:222][  0]LogTcpMessaging: Initializing TcpMessaging bridge
[2018.11.06-06.42.10:233][  0]LogUdpMessaging: Initializing bridge on interface 0.0.0.0:0 to multicast group 230.0.0.1:6666.
[2018.11.06-06.42.10:388][  0]SourceControl: Source control is disabled
[2018.11.06-06.42.10:388][  0]SourceControl: Source control is disabled
[2018.11.06-06.42.10:388][  0]SourceControl: Source control is disabled
[2018.11.06-06.42.10:389][  0]SourceControl: Source control is disabled
[2018.11.06-06.42.10:542][  0]LogAndroidPermission: UAndroidPermissionCallbackProxy::GetInstance
[2018.11.06-06.42.10:605][  0]LogOcInput: OculusInput pre-init called
[2018.11.06-06.42.10:655][  0]LogEngine: Initializing Engine...
[2018.11.06-06.42.10:655][  0]LogHMD: Failed to initialize OpenVR with code 110
[2018.11.06-06.42.10:656][  0]LogStats: UGameplayTagsManager::ConstructGameplayTagTree: ImportINI prefixes -  0.000 s
[2018.11.06-06.42.10:656][  0]LogStats: UGameplayTagsManager::ConstructGameplayTagTree: Construct from data asset -  0.000 s
[2018.11.06-06.42.10:656][  0]LogStats: UGameplayTagsManager::ConstructGameplayTagTree: ImportINI -  0.000 s
[2018.11.06-06.42.10:656][  0]LogStats: UGameplayTagsManager::ConstructGameplayTagTree: GameplayTagTreeChangedEvent.Broadcast -  0.000 s
[2018.11.06-06.42.10:889][  0]LogInit: Initializing FReadOnlyCVARCache
[2018.11.06-06.42.10:908][  0]LogAIModule: Creating AISystem for world Untitled
[2018.11.06-06.42.10:922][  0]LogInit: XAudio2 using 'Speakers (Realtek High Definition Audio)' : 2 channels at 48 kHz using 32 bits per sample (channel mask 0x3)
[2018.11.06-06.42.10:929][  0]LogInit: FAudioDevice initialized.
[2018.11.06-06.42.10:929][  0]LogNetVersion: Set ProjectVersion to 1.0.0.0. Version Checksum will be recalculated on next use.
[2018.11.06-06.42.11:257][  0]LogDerivedDataCache: Saved boot cache 0.33s 71MB C:/Users/MANSOOR/AppData/Local/UnrealEngine/4.20/DerivedDataCache/Boot.ddc.
[2018.11.06-06.42.11:260][  0]LogInit: Texture streaming: Enabled
[2018.11.06-06.42.11:275][  0]LogEngineSessionManager: EngineSessionManager initialized
[2018.11.06-06.42.11:310][  0]LogInit: Transaction tracking system initialized
[2018.11.06-06.42.11:332][  0]BlueprintLog: New page: Editor Load
[2018.11.06-06.42.11:385][  0]LocalizationService: Localization service is disabled
[2018.11.06-06.42.12:074][  0]LogCook: Display: Max memory allowance for cook 16384mb min free memory 0mb
[2018.11.06-06.42.12:074][  0]LogCook: Display: Mobile HDR setting 1
[2018.11.06-06.42.12:086][  0]LogFileCache: Scanning file cache for directory 'F:/Unreal Projects/03_BuildingEscape/BuildingEscape/Content/' took 0.03s
[2018.11.06-06.42.12:086][  0]LogGameplayTags: Display: UGameplayTagsManager::DoneAddingNativeTags. DelegateIsBound: 0
[2018.11.06-06.42.12:086][  0]LogStats: UGameplayTagsManager::ConstructGameplayTagTree: ImportINI prefixes -  0.000 s
[2018.11.06-06.42.12:086][  0]LogStats: UGameplayTagsManager::ConstructGameplayTagTree: Construct from data asset -  0.000 s
[2018.11.06-06.42.12:086][  0]LogStats: UGameplayTagsManager::ConstructGameplayTagTree: ImportINI -  0.000 s
[2018.11.06-06.42.12:086][  0]LogStats: UGameplayTagsManager::ConstructGameplayTagTree: GameplayTagTreeChangedEvent.Broadcast -  0.000 s
[2018.11.06-06.42.12:176][  0]SourceControl: Source control is disabled
[2018.11.06-06.42.12:176][  0]Cmd: MAP LOAD FILE="../../../../../Unreal Projects/03_BuildingEscape/BuildingEscape/Content/StarterContent/Maps/Minimal_Default.umap" TEMPLATE=0 SHOWPROGRESS=1 FEATURELEVEL=3
[2018.11.06-06.42.12:204][  0]LightingResults: New page: Lighting Build
[2018.11.06-06.42.12:206][  0]MapCheck: New page: Map Check
[2018.11.06-06.42.12:206][  0]LightingResults: New page: Lighting Build
[2018.11.06-06.42.14:741][  0]LogAIModule: Creating AISystem for world Minimal_Default
[2018.11.06-06.42.14:835][  0]LogEditorServer: Finished looking for orphan Actors (0.000 secs)
[2018.11.06-06.42.14:887][  0]Cmd: MAP CHECKDEP NOCLEARLOG
[2018.11.06-06.42.14:912][  0]MapCheck: Map check complete: 0 Error(s), 0 Warning(s), took 25.301ms to complete.
[2018.11.06-06.42.14:912][  0]LogFileHelpers: Loading map 'Minimal_Default' took 2.736
[2018.11.06-06.42.15:463][  0]LogSlate: Updating window title bar state: overlay mode, drag disabled, window buttons hidden, title bar hidden
[2018.11.06-06.42.15:486][  0]LogSlate: Updating window title bar state: overlay mode, drag disabled, window buttons hidden, title bar hidden
[2018.11.06-06.42.15:497][  0]LogSlate: Updating window title bar state: overlay mode, drag disabled, window buttons hidden, title bar hidden
[2018.11.06-06.42.15:507][  0]LogSlate: Updating window title bar state: overlay mode, drag disabled, window buttons hidden, title bar hidden
[2018.11.06-06.42.15:566][  0]LogCollectionManager: Loaded 0 collections in 0.003274 seconds
[2018.11.06-06.42.15:736][  0]LogFileCache: Scanning file cache for directory 'F:/Unreal Projects/03_BuildingEscape/BuildingEscape/Saved/Collections/' took 0.01s
[2018.11.06-06.42.15:736][  0]LogFileCache: Scanning file cache for directory 'F:/Unreal Projects/03_BuildingEscape/BuildingEscape/Content/Developers/MANSOOR/Collections/' took 0.01s
[2018.11.06-06.42.15:736][  0]LogFileCache: Scanning file cache for directory 'F:/Unreal Projects/03_BuildingEscape/BuildingEscape/Content/Collections/' took 0.01s
[2018.11.06-06.42.15:736][  0]LogCollectionManager: Rebuilt the GUID cache for 0 collections in 0.000001 seconds
[2018.11.06-06.42.15:747][  0]LogContentBrowser: Native class hierarchy populated in 0.0099 seconds. Added 2573 classes and 605 folders.
[2018.11.06-06.42.15:818][  0]LogContentBrowser: Native class hierarchy updated for 'WidgetCarousel' in 0.0003 seconds. Added 0 classes and 0 folders.
[2018.11.06-06.42.16:276][  0]LogContentBrowser: Native class hierarchy updated for 'AddContentDialog' in 0.0006 seconds. Added 0 classes and 0 folders.
[2018.11.06-06.42.16:319][  0]LogContentBrowser: Native class hierarchy updated for 'SceneOutliner' in 0.0007 seconds. Added 1 classes and 2 folders.
[2018.11.06-06.42.17:115][  0]LogSlate: Took 0.000209 seconds to synchronously load lazily loaded font '../../../Engine/Content/Slate/Fonts/Roboto-Regular.ttf' (155K)
[2018.11.06-06.42.17:119][  0]LogSlate: Took 0.000186 seconds to synchronously load lazily loaded font '../../../Engine/Content/Slate/Fonts/Roboto-Bold.ttf' (160K)
[2018.11.06-06.42.17:143][  0]LogSlate: Took 0.008090 seconds to synchronously load lazily loaded font '../../../Engine/Content/Editor/Slate/Fonts/FontAwesome.ttf' (139K)
[2018.11.06-06.42.17:366][  0]LogRenderer: Reallocating scene render targets to support 1208x576 Format 9 NumSamples 1 (Frame:1).
[2018.11.06-06.42.17:664][  0]LogContentBrowser: Native class hierarchy updated for 'HierarchicalLODOutliner' in 0.0004 seconds. Added 0 classes and 0 folders.
[2018.11.06-06.42.17:664][  0]LogLoad: (Engine Initialization) Total time: 11.97 seconds
[2018.11.06-06.42.17:664][  0]LogLoad: (Engine Initialization) Total Blueprint compile time: 0.00 seconds
[2018.11.06-06.42.17:739][  0]LogContentStreaming: Texture pool size now 600 MB
[2018.11.06-06.42.17:820][  0]LogSlate: Took 0.011275 seconds to synchronously load lazily loaded font '../../../Engine/Content/Slate/Fonts/Roboto-Light.ttf' (167K)
[2018.11.06-06.42.17:841][  1]LogAssetRegistry: Asset discovery search completed in 9.1648 seconds
[2018.11.06-06.42.17:842][  1]LogCollectionManager: Rebuilt the object cache for 0 collections in 0.000000 seconds (found 0 objects)
[2018.11.06-06.42.17:842][  1]LogCollectionManager: Fixed up redirectors for 0 collections in 0.000050 seconds (updated 0 objects)
[2018.11.06-06.44.37:651][894]LogSlate: FSceneViewport::OnFocusLost() reason 2
[2018.11.06-06.44.38:550][998]LogSlate: FSceneViewport::OnFocusLost() reason 2
[2018.11.06-06.44.39:682][998]LogSlate: Window 'New Level' being destroyed
[2018.11.06-06.44.39:695][998]Cmd: MAP LOAD FILE="../../../Engine/Content/Maps/Templates/Template_Default.umap" TEMPLATE=1 SHOWPROGRESS=1 FEATURELEVEL=3
[2018.11.06-06.44.39:711][998]LogSlate: Took 0.000188 seconds to synchronously load lazily loaded font '../../../Engine/Content/Slate/Fonts/Roboto-Light.ttf' (167K)
[2018.11.06-06.44.39:724][998]LogSlate: FSceneViewport::OnFocusLost() reason 2
[2018.11.06-06.44.39:749][998]LightingResults: New page: Lighting Build
[2018.11.06-06.44.39:750][998]LoadErrors: New page: Loading map: Template_Default.umap
[2018.11.06-06.44.39:766][998]MapCheck: New page: Map Check
[2018.11.06-06.44.39:766][998]LightingResults: New page: Lighting Build
[2018.11.06-06.44.39:817][998]LogAIModule: Creating AISystem for world Untitled_1
[2018.11.06-06.44.39:913][998]LogEditorServer: Finished looking for orphan Actors (0.000 secs)
[2018.11.06-06.44.39:941][998]Cmd: MAP CHECKDEP NOCLEARLOG
[2018.11.06-06.44.39:976][998]MapCheck: Map check complete: 0 Error(s), 0 Warning(s), took 35.11ms to complete.
[2018.11.06-06.44.39:976][998]LogFileHelpers: Loading map 'Template_Default' took 0.283
[2018.11.06-06.45.11:800][877]LogSlate: FSceneViewport::OnFocusLost() reason 2
[2018.11.06-06.45.22:725][594]LogSlate: FSceneViewport::OnFocusLost() reason 2
[2018.11.06-06.45.24:384][783]LogSlate: FSceneViewport::OnFocusLost() reason 2
[2018.11.06-06.45.30:946][783]LogSlate: Window 'Save Level As' being destroyed
[2018.11.06-06.45.31:019][783]LogSlate: FSceneViewport::OnFocusLost() reason 2
[2018.11.06-06.45.31:048][783]Cmd: OBJ SAVEPACKAGE PACKAGE="/Game/NewMap" FILE="../../../../../Unreal Projects/03_BuildingEscape/BuildingEscape/Content/NewMap.umap" SILENT=true AUTOSAVING=false KEEPDIRTY=false
[2018.11.06-06.45.31:167][783]LogSavePackage: Moving '../../../../../Unreal Projects/03_BuildingEscape/BuildingEscape/Saved/NewMap885B3A1946C5FB2B3FE3EFB9890F8415.tmp' to '../../../../../Unreal Projects/03_BuildingEscape/BuildingEscape/Content/NewMap.umap'
[2018.11.06-06.45.31:215][783]Cmd: OBJ SAVEPACKAGE PACKAGE="/Game/NewMap_BuiltData" FILE="../../../../../Unreal Projects/03_BuildingEscape/BuildingEscape/Content/NewMap_BuiltData.uasset" SILENT=true
[2018.11.06-06.45.31:255][783]LogSavePackage: Moving '../../../../../Unreal Projects/03_BuildingEscape/BuildingEscape/Saved/NewMap_BuiltDataCC91D98742B3FE4358737F9E012E7F00.tmp' to '../../../../../Unreal Projects/03_BuildingEscape/BuildingEscape/Content/NewMap_BuiltData.uasset'
[2018.11.06-06.45.31:258][783]LogFileHelpers: Saving map 'NewMap' took 0.290
[2018.11.06-06.45.31:259][783]Cmd: MAP LOAD FILE="../../../../../Unreal Projects/03_BuildingEscape/BuildingEscape/Content/NewMap.umap" TEMPLATE=0 SHOWPROGRESS=1 FEATURELEVEL=3
[2018.11.06-06.45.31:263][783]LogSlate: FSceneViewport::OnFocusLost() reason 2
[2018.11.06-06.45.31:281][783]LightingResults: New page: Lighting Build
[2018.11.06-06.45.31:282][783]LoadErrors: New page: Loading map: NewMap.umap
[2018.11.06-06.45.31:282][783]MapCheck: New page: Map Check
[2018.11.06-06.45.31:282][783]LightingResults: New page: Lighting Build
[2018.11.06-06.45.31:326][783]LogAIModule: Creating AISystem for world NewMap
[2018.11.06-06.45.31:386][783]LogEditorServer: Finished looking for orphan Actors (0.000 secs)
[2018.11.06-06.45.31:419][783]Cmd: MAP CHECKDEP NOCLEARLOG
[2018.11.06-06.45.31:445][783]MapCheck: Map check complete: 0 Error(s), 0 Warning(s), took 26.425ms to complete.
[2018.11.06-06.45.31:445][783]LogFileHelpers: Loading map 'NewMap' took 0.187
[2018.11.06-06.46.00:112][998]LogSlate: FSceneViewport::OnFocusLost() reason 2
[2018.11.06-06.46.02:152][240]LogSlate: FSceneViewport::OnFocusLost() reason 2
[2018.11.06-06.46.03:199][353]LogSlate: FSceneViewport::OnFocusLost() reason 2
[2018.11.06-06.46.17:221][113]LogSlate: FSceneViewport::OnFocusLost() reason 2
[2018.11.06-06.46.19:946][422]LogSlate: FSceneViewport::OnFocusLost() reason 2
[2018.11.06-06.46.21:806][422]LogSlate: Only BGRA pngs, bmps or icos are supported in by External Image Picker
[2018.11.06-06.46.21:969][425]LogTemp: Executing iPhonePackager certificates Engine -bundlename com.YourCompany.BuildingEscape
[2018.11.06-06.46.21:969][425]LogTemp: CWD: F:\Epic Games\UE_4.20\Engine\Binaries\DotNET\IOS
[2018.11.06-06.46.21:969][425]LogTemp: Initial Dir: F:\Epic Games\UE_4.20
[2018.11.06-06.46.21:969][425]LogTemp: Env CWD: F:\Epic Games\UE_4.20\Engine\Binaries\DotNET\IOS
[2018.11.06-06.46.21:994][426]LogTemp: BranchPath = SAADAN/F/Epic Games/UE_4.20/Engine/Binaries --- GameBranchPath = SAADAN/F/Epic Games/UE_4.20/Engine/Binaries
[2018.11.06-06.46.22:061][427]LogTemp: IPP ERROR: Could not find provision directory 'C:\Users\MANSOOR\AppData\Local/Apple Computer/MobileDevice/Provisioning Profiles/'.
[2018.11.06-06.46.24:027][626]LogUObjectGlobals: Warning: Failed to find object 'Class /Script/BuildingEscape.BuildingEscapeGameMode'
[2018.11.06-06.46.45:817][ 97]LogSlate: Window 'Project Settings' being destroyed
[2018.11.06-06.46.45:818][ 97]LogSlate: Window 'Project Settings' being destroyed
[2018.11.06-06.47.54:817][203]LogWindows: LaunchURL http://docs.unrealengine.com/latest/INT/Engine/UI/LevelEditor/Viewports/ViewportControls/index.html
[2018.11.06-06.47.54:817][203]LogSlate: FSceneViewport::OnFocusLost() reason 0
[2018.11.06-06.48.44:280][708]LogSlate: FSceneViewport::OnFocusLost() reason 0
[2018.11.06-06.49.50:215][576]LogSlate: FSceneViewport::OnFocusLost() reason 0
[2018.11.06-06.49.50:368][588]LogActorFactory: Actor Factory created SM_Chair
[2018.11.06-06.49.51:491][704]LogActorFactory: Actor Factory created SM_Chair
[2018.11.06-06.50.07:976][473]Cmd: CAMERA ALIGN ACTIVEVIEWPORTONLY
[2018.11.06-06.50.33:385][638]Cmd: CAMERA ALIGN ACTIVEVIEWPORTONLY
[2018.11.06-06.51.05:732][217]LogSlate: FSceneViewport::OnFocusLost() reason 0
[2018.11.06-06.51.07:224][358]LogWindows: LaunchURL http://docs.unrealengine.com/latest/INT/Engine/UI/LevelEditor/Viewports/ViewportControls/index.html
[2018.11.06-06.53.58:029][711]LogSlate: FSceneViewport::OnFocusLost() reason 2
[2018.11.06-06.53.59:098][825]Cmd: STAT FPS
[2018.11.06-06.55.13:359][866]LogSlate: FSceneViewport::OnFocusLost() reason 2
[2018.11.06-06.55.13:381][866]Cmd: OBJ SAVEPACKAGE PACKAGE="/Game/NewMap" FILE="../../../../../Unreal Projects/03_BuildingEscape/BuildingEscape/Content/NewMap.umap" SILENT=true AUTOSAVING=false KEEPDIRTY=false
[2018.11.06-06.55.13:437][866]LogSavePackage: Moving '../../../../../Unreal Projects/03_BuildingEscape/BuildingEscape/Saved/NewMap4CA051AE47E6214F80E05D8B6CC13D68.tmp' to '../../../../../Unreal Projects/03_BuildingEscape/BuildingEscape/Content/NewMap.umap'
[2018.11.06-06.55.13:453][866]Cmd: OBJ SAVEPACKAGE PACKAGE="/Game/NewMap_BuiltData" FILE="../../../../../Unreal Projects/03_BuildingEscape/BuildingEscape/Content/NewMap_BuiltData.uasset" SILENT=true
[2018.11.06-06.55.13:467][866]LogSavePackage: Moving '../../../../../Unreal Projects/03_BuildingEscape/BuildingEscape/Saved/NewMap_BuiltData044D2FA64F930363CBA7FB9126A2E449.tmp' to '../../../../../Unreal Projects/03_BuildingEscape/BuildingEscape/Content/NewMap_BuiltData.uasset'
